#
# There is insufficient memory for the Java Runtime Environment to continue.
# Native memory allocation (mmap) failed to map 73400320 bytes for Failed to commit area from 0x0000000087500000 to 0x000000008bb00000 of length 73400320.
# Possible reasons:
#   The system is out of physical RAM or swap space
#   The process is running with CompressedOops enabled, and the Java Heap may be blocking the growth of the native heap
# Possible solutions:
#   Reduce memory load on the system
#   Increase physical memory or swap space
#   Check if swap backing store is full
#   Decrease Java heap size (-Xmx/-Xms)
#   Decrease number of Java threads
#   Decrease Java thread stack sizes (-Xss)
#   Set larger code cache with -XX:ReservedCodeCacheSize=
#   JVM is running with Unscaled Compressed Oops mode in which the Java heap is
#     placed in the first 4GB address space. The Java Heap base address is the
#     maximum limit for the native heap growth. Please use -XX:HeapBaseMinAddress
#     to set the Java Heap base and to place the Java Heap above 4GB virtual address.
# This output file may be truncated or incomplete.
#
#  Out of Memory Error (./src/hotspot/os/windows/os_windows.cpp:3386), pid=13372, tid=3692
#
# JRE version: OpenJDK Runtime Environment 18.9 (11.0.16+8) (build 11.0.16+8)
# Java VM: OpenJDK 64-Bit Server VM 18.9 (11.0.16+8, mixed mode, tiered, compressed oops, g1 gc, windows-amd64)
# No core dump will be written. Minidumps are not enabled by default on client versions of Windows
#

---------------  S U M M A R Y ------------

Command Line: -XX:MaxMetaspaceSize=512m --add-opens=java.base/java.util=ALL-UNNAMED --add-opens=java.base/java.lang=ALL-UNNAMED --add-opens=java.base/java.lang.invoke=ALL-UNNAMED --add-opens=java.base/java.util=ALL-UNNAMED --add-opens=java.prefs/java.util.prefs=ALL-UNNAMED --add-opens=java.prefs/java.util.prefs=ALL-UNNAMED --add-opens=java.base/java.nio.charset=ALL-UNNAMED --add-opens=java.base/java.net=ALL-UNNAMED --add-opens=java.base/java.util.concurrent.atomic=ALL-UNNAMED -Xmx2048m -Dfile.encoding=windows-1252 -Duser.country=US -Duser.language=en -Duser.variant org.gradle.launcher.daemon.bootstrap.GradleDaemon 7.3.3

Host: Intel(R) Core(TM) i3-4010U CPU @ 1.70GHz, 4 cores, 3G,  Windows 10 , 64 bit Build 19041 (10.0.19041.2364)
Time: Mon Jan 23 06:43:30 2023 Pacific Standard Time elapsed time: 97.009911 seconds (0d 0h 1m 37s)

---------------  T H R E A D  ---------------

Current thread (0x000001d61648d800):  VMThread "VM Thread" [stack: 0x0000003e50e00000,0x0000003e50f00000] [id=3692]

Stack: [0x0000003e50e00000,0x0000003e50f00000]
[error occurred during error reporting (printing stack bounds), id 0xc0000005, EXCEPTION_ACCESS_VIOLATION (0xc0000005) at pc=0x000001d60000112d]

Native frames: (J=compiled Java code, j=interpreted, Vv=VM code, C=native code)
V  [jvm.dll+0x61a63a]
V  [jvm.dll+0x757439]
V  [jvm.dll+0x758b28]
V  [jvm.dll+0x759165]
V  [jvm.dll+0x75911b]
V  [jvm.dll+0x6199c7]
V  [jvm.dll+0x61a0d8]
C  [ntdll.dll+0xa241f]
C  [ntdll.dll+0x514a4]
C  [ntdll.dll+0xa0f4e]
C  0x000001d60000112d

VM_Operation (0x0000003e505f90e0): G1CollectForAllocation, mode: safepoint, requested by thread 0x000001d61af24800


---------------  P R O C E S S  ---------------

Threads class SMR info:
_java_thread_list=0x000001d61cc39fd0, length=92, elements={
0x000001d677454000, 0x000001d61648f000, 0x000001d61649a000, 0x000001d6164f3000,
0x000001d6164f7000, 0x000001d6164f8000, 0x000001d616505800, 0x000001d61650b800,
0x000001d616519800, 0x000001d616793000, 0x000001d617586800, 0x000001d61852d800,
0x000001d616aa3800, 0x000001d6183a3800, 0x000001d6183a4800, 0x000001d61797a000,
0x000001d617d12800, 0x000001d617590000, 0x000001d617591000, 0x000001d6176a5800,
0x000001d6174b1000, 0x000001d6174b0000, 0x000001d6174b2000, 0x000001d6174ad000,
0x000001d6174b2800, 0x000001d6174ad800, 0x000001d6174b3800, 0x000001d6174ae800,
0x000001d6174af800, 0x000001d617618000, 0x000001d61761c800, 0x000001d61761e800,
0x000001d61761d800, 0x000001d61761a000, 0x000001d61761f000, 0x000001d617619800,
0x000001d617620000, 0x000001d617620800, 0x000001d61761b000, 0x000001d617622800,
0x000001d617624000, 0x000001d617625000, 0x000001d617626800, 0x000001d617625800,
0x000001d617623000, 0x000001d617621800, 0x000001d6186ed000, 0x000001d6186e7800,
0x000001d6186ec800, 0x000001d6186eb800, 0x000001d6186ea800, 0x000001d6186ee000,
0x000001d6186e8000, 0x000001d6186ee800, 0x000001d6186e9000, 0x000001d6186ea000,
0x000001d6186f1000, 0x000001d6186f4800, 0x000001d6186f0800, 0x000001d6186f2000,
0x000001d6186f5800, 0x000001d6186f3000, 0x000001d6186f3800, 0x000001d6186ef800,
0x000001d6186f6000, 0x000001d61cae9000, 0x000001d61cae9800, 0x000001d61caed800,
0x000001d61caea800, 0x000001d61caeb800, 0x000001d61caed000, 0x000001d61cae8000,
0x000001d61caef800, 0x000001d61caee800, 0x000001d61caec000, 0x000001d61caf2000,
0x000001d61caf5000, 0x000001d61caf3800, 0x000001d61caf6000, 0x000001d61caf1000,
0x000001d61caf2800, 0x000001d61caf0000, 0x000001d61caf4800, 0x000001d61caf6800,
0x000001d61af27800, 0x000001d61af25000, 0x000001d61af29000, 0x000001d61af27000,
0x000001d61af28800, 0x000001d61af23800, 0x000001d61af2a000, 0x000001d61af24800
}

Java Threads: ( => current thread )
  0x000001d677454000 JavaThread "main" [_thread_blocked, id=8716, stack(0x0000003e50800000,0x0000003e50900000)]
  0x000001d61648f000 JavaThread "Reference Handler" daemon [_thread_blocked, id=6512, stack(0x0000003e50f00000,0x0000003e51000000)]
  0x000001d61649a000 JavaThread "Finalizer" daemon [_thread_blocked, id=12504, stack(0x0000003e51000000,0x0000003e51100000)]
  0x000001d6164f3000 JavaThread "Signal Dispatcher" daemon [_thread_blocked, id=14764, stack(0x0000003e51100000,0x0000003e51200000)]
  0x000001d6164f7000 JavaThread "Attach Listener" daemon [_thread_blocked, id=476, stack(0x0000003e51200000,0x0000003e51300000)]
  0x000001d6164f8000 JavaThread "Service Thread" daemon [_thread_blocked, id=2200, stack(0x0000003e51300000,0x0000003e51400000)]
  0x000001d616505800 JavaThread "C2 CompilerThread0" daemon [_thread_blocked, id=6272, stack(0x0000003e51400000,0x0000003e51500000)]
  0x000001d61650b800 JavaThread "C1 CompilerThread0" daemon [_thread_blocked, id=6880, stack(0x0000003e51500000,0x0000003e51600000)]
  0x000001d616519800 JavaThread "Sweeper thread" daemon [_thread_blocked, id=11016, stack(0x0000003e51600000,0x0000003e51700000)]
  0x000001d616793000 JavaThread "Common-Cleaner" daemon [_thread_blocked, id=11904, stack(0x0000003e51700000,0x0000003e51800000)]
  0x000001d617586800 JavaThread "Daemon health stats" [_thread_blocked, id=14620, stack(0x0000003e51a00000,0x0000003e51b00000)]
  0x000001d61852d800 JavaThread "Incoming local TCP Connector on port 57270" [_thread_in_native, id=14428, stack(0x0000003e51d00000,0x0000003e51e00000)]
  0x000001d616aa3800 JavaThread "Daemon periodic checks" [_thread_blocked, id=6472, stack(0x0000003e51e00000,0x0000003e51f00000)]
  0x000001d6183a3800 JavaThread "Daemon" [_thread_blocked, id=13388, stack(0x0000003e51f00000,0x0000003e52000000)]
  0x000001d6183a4800 JavaThread "Handler for socket connection from /127.0.0.1:57270 to /127.0.0.1:57271" [_thread_in_native, id=6276, stack(0x0000003e52000000,0x0000003e52100000)]
  0x000001d61797a000 JavaThread "Cancel handler" [_thread_blocked, id=7316, stack(0x0000003e52100000,0x0000003e52200000)]
  0x000001d617d12800 JavaThread "Daemon worker" [_thread_blocked, id=13664, stack(0x0000003e52200000,0x0000003e52300000)]
  0x000001d617590000 JavaThread "Asynchronous log dispatcher for DefaultDaemonConnection: socket connection from /127.0.0.1:57270 to /127.0.0.1:57271" [_thread_blocked, id=7348, stack(0x0000003e52300000,0x0000003e52400000)]
  0x000001d617591000 JavaThread "Stdin handler" [_thread_blocked, id=3452, stack(0x0000003e52400000,0x0000003e52500000)]
  0x000001d6176a5800 JavaThread "Daemon client event forwarder" [_thread_blocked, id=15232, stack(0x0000003e52500000,0x0000003e52600000)]
  0x000001d6174b1000 JavaThread "Cache worker for journal cache (C:\Users\A\.gradle\caches\journal-1)" [_thread_blocked, id=1308, stack(0x0000003e52600000,0x0000003e52700000)]
  0x000001d6174b0000 JavaThread "File lock request listener" [_thread_in_native, id=740, stack(0x0000003e52700000,0x0000003e52800000)]
  0x000001d6174b2000 JavaThread "Cache worker for file hash cache (C:\Users\A\.gradle\caches\7.3.3\fileHashes)" [_thread_blocked, id=15116, stack(0x0000003e52800000,0x0000003e52900000)]
  0x000001d6174ad000 JavaThread "Cache worker for file hash cache (E:\TestPro\android\.gradle\7.3.3\fileHashes)" [_thread_blocked, id=14912, stack(0x0000003e52900000,0x0000003e52a00000)]
  0x000001d6174b2800 JavaThread "File watcher server" daemon [_thread_in_native, id=1196, stack(0x0000003e52a00000,0x0000003e52b00000)]
  0x000001d6174ad800 JavaThread "File watcher consumer" daemon [_thread_blocked, id=13776, stack(0x0000003e52b00000,0x0000003e52c00000)]
  0x000001d6174b3800 JavaThread "Cache worker for checksums cache (E:\TestPro\android\.gradle\7.3.3\checksums)" [_thread_blocked, id=13400, stack(0x0000003e52c00000,0x0000003e52d00000)]
  0x000001d6174ae800 JavaThread "Cache worker for cache directory md-supplier (C:\Users\A\.gradle\caches\7.3.3\md-supplier)" [_thread_blocked, id=12424, stack(0x0000003e52d00000,0x0000003e52e00000)]
  0x000001d6174af800 JavaThread "Cache worker for cache directory md-rule (C:\Users\A\.gradle\caches\7.3.3\md-rule)" [_thread_blocked, id=14888, stack(0x0000003e52e00000,0x0000003e52f00000)]
  0x000001d617618000 JavaThread "Cache worker for execution history cache (C:\Users\A\.gradle\caches\7.3.3\executionHistory)" [_thread_blocked, id=14244, stack(0x0000003e52f00000,0x0000003e53000000)]
  0x000001d61761c800 JavaThread "jar transforms" [_thread_blocked, id=14864, stack(0x0000003e53000000,0x0000003e53100000)]
  0x000001d61761e800 JavaThread "jar transforms Thread 2" [_thread_blocked, id=7188, stack(0x0000003e53100000,0x0000003e53200000)]
  0x000001d61761d800 JavaThread "Cache worker for file content cache (C:\Users\A\.gradle\caches\7.3.3\fileContent)" [_thread_blocked, id=3592, stack(0x0000003e53200000,0x0000003e53300000)]
  0x000001d61761a000 JavaThread "jar transforms Thread 3" [_thread_blocked, id=9880, stack(0x0000003e53300000,0x0000003e53400000)]
  0x000001d61761f000 JavaThread "jar transforms Thread 4" [_thread_blocked, id=5180, stack(0x0000003e53400000,0x0000003e53500000)]
  0x000001d617619800 JavaThread "Cache worker for kotlin-dsl (C:\Users\A\.gradle\caches\7.3.3\kotlin-dsl)" [_thread_blocked, id=2284, stack(0x0000003e53500000,0x0000003e53600000)]
  0x000001d617620000 JavaThread "Cache worker for dependencies-accessors (E:\TestPro\android\.gradle\7.3.3\dependencies-accessors)" [_thread_blocked, id=4928, stack(0x0000003e53800000,0x0000003e53900000)]
  0x000001d617620800 JavaThread "Cache worker for Build Output Cleanup Cache (E:\TestPro\node_modules\react-native-gradle-plugin\.gradle\buildOutputCleanup)" [_thread_blocked, id=840, stack(0x0000003e53900000,0x0000003e53a00000)]
  0x000001d61761b000 JavaThread "Unconstrained build operations" [_thread_blocked, id=12952, stack(0x0000003e53a00000,0x0000003e53b00000)]
  0x000001d617622800 JavaThread "Unconstrained build operations Thread 2" [_thread_blocked, id=14920, stack(0x0000003e53b00000,0x0000003e53c00000)]
  0x000001d617624000 JavaThread "Unconstrained build operations Thread 3" [_thread_blocked, id=12316, stack(0x0000003e53c00000,0x0000003e53d00000)]
  0x000001d617625000 JavaThread "Unconstrained build operations Thread 4" [_thread_blocked, id=6976, stack(0x0000003e53d00000,0x0000003e53e00000)]
  0x000001d617626800 JavaThread "Unconstrained build operations Thread 5" [_thread_blocked, id=6388, stack(0x0000003e53e00000,0x0000003e53f00000)]
  0x000001d617625800 JavaThread "Unconstrained build operations Thread 6" [_thread_blocked, id=9636, stack(0x0000003e53f00000,0x0000003e54000000)]
  0x000001d617623000 JavaThread "Unconstrained build operations Thread 7" [_thread_blocked, id=5244, stack(0x0000003e54000000,0x0000003e54100000)]
  0x000001d617621800 JavaThread "Unconstrained build operations Thread 8" [_thread_blocked, id=9872, stack(0x0000003e54100000,0x0000003e54200000)]
  0x000001d6186ed000 JavaThread "Unconstrained build operations Thread 9" [_thread_blocked, id=12520, stack(0x0000003e54200000,0x0000003e54300000)]
  0x000001d6186e7800 JavaThread "Unconstrained build operations Thread 10" [_thread_blocked, id=6064, stack(0x0000003e54300000,0x0000003e54400000)]
  0x000001d6186ec800 JavaThread "Unconstrained build operations Thread 11" [_thread_blocked, id=7120, stack(0x0000003e54400000,0x0000003e54500000)]
  0x000001d6186eb800 JavaThread "Unconstrained build operations Thread 12" [_thread_blocked, id=13864, stack(0x0000003e54500000,0x0000003e54600000)]
  0x000001d6186ea800 JavaThread "Unconstrained build operations Thread 13" [_thread_blocked, id=852, stack(0x0000003e54600000,0x0000003e54700000)]
  0x000001d6186ee000 JavaThread "Unconstrained build operations Thread 14" [_thread_blocked, id=464, stack(0x0000003e54700000,0x0000003e54800000)]
  0x000001d6186e8000 JavaThread "Unconstrained build operations Thread 15" [_thread_blocked, id=12372, stack(0x0000003e54800000,0x0000003e54900000)]
  0x000001d6186ee800 JavaThread "Unconstrained build operations Thread 16" [_thread_blocked, id=15156, stack(0x0000003e54900000,0x0000003e54a00000)]
  0x000001d6186e9000 JavaThread "Unconstrained build operations Thread 17" [_thread_blocked, id=14144, stack(0x0000003e54a00000,0x0000003e54b00000)]
  0x000001d6186ea000 JavaThread "Unconstrained build operations Thread 18" [_thread_blocked, id=7720, stack(0x0000003e54b00000,0x0000003e54c00000)]
  0x000001d6186f1000 JavaThread "Unconstrained build operations Thread 19" [_thread_blocked, id=4508, stack(0x0000003e54c00000,0x0000003e54d00000)]
  0x000001d6186f4800 JavaThread "Unconstrained build operations Thread 20" [_thread_blocked, id=2396, stack(0x0000003e54d00000,0x0000003e54e00000)]
  0x000001d6186f0800 JavaThread "Unconstrained build operations Thread 21" [_thread_blocked, id=2880, stack(0x0000003e54e00000,0x0000003e54f00000)]
  0x000001d6186f2000 JavaThread "Unconstrained build operations Thread 22" [_thread_blocked, id=9256, stack(0x0000003e54f00000,0x0000003e55000000)]
  0x000001d6186f5800 JavaThread "Unconstrained build operations Thread 23" [_thread_blocked, id=11136, stack(0x0000003e55000000,0x0000003e55100000)]
  0x000001d6186f3000 JavaThread "Unconstrained build operations Thread 24" [_thread_blocked, id=13756, stack(0x0000003e55100000,0x0000003e55200000)]
  0x000001d6186f3800 JavaThread "Unconstrained build operations Thread 25" [_thread_blocked, id=11428, stack(0x0000003e55200000,0x0000003e55300000)]
  0x000001d6186ef800 JavaThread "Unconstrained build operations Thread 26" [_thread_blocked, id=1068, stack(0x0000003e55300000,0x0000003e55400000)]
  0x000001d6186f6000 JavaThread "Unconstrained build operations Thread 27" [_thread_blocked, id=5588, stack(0x0000003e55400000,0x0000003e55500000)]
  0x000001d61cae9000 JavaThread "Unconstrained build operations Thread 28" [_thread_blocked, id=3060, stack(0x0000003e55500000,0x0000003e55600000)]
  0x000001d61cae9800 JavaThread "Unconstrained build operations Thread 29" [_thread_blocked, id=10912, stack(0x0000003e55600000,0x0000003e55700000)]
  0x000001d61caed800 JavaThread "Unconstrained build operations Thread 30" [_thread_blocked, id=3120, stack(0x0000003e55700000,0x0000003e55800000)]
  0x000001d61caea800 JavaThread "Unconstrained build operations Thread 31" [_thread_blocked, id=4516, stack(0x0000003e55800000,0x0000003e55900000)]
  0x000001d61caeb800 JavaThread "Unconstrained build operations Thread 32" [_thread_blocked, id=14460, stack(0x0000003e55900000,0x0000003e55a00000)]
  0x000001d61caed000 JavaThread "Unconstrained build operations Thread 33" [_thread_blocked, id=13544, stack(0x0000003e55a00000,0x0000003e55b00000)]
  0x000001d61cae8000 JavaThread "build event listener" [_thread_blocked, id=14316, stack(0x0000003e55b00000,0x0000003e55c00000)]
  0x000001d61caef800 JavaThread "Memory manager" [_thread_blocked, id=9676, stack(0x0000003e55c00000,0x0000003e55d00000)]
  0x000001d61caee800 JavaThread "Cache worker for Build Output Cleanup Cache (E:\TestPro\android\.gradle\buildOutputCleanup)" [_thread_blocked, id=13448, stack(0x0000003e55d00000,0x0000003e55e00000)]
  0x000001d61caec000 JavaThread "included builds" [_thread_blocked, id=13460, stack(0x0000003e55e00000,0x0000003e55f00000)]
  0x000001d61caf2000 JavaThread "Execution worker for ':react-native-gradle-plugin'" [_thread_blocked, id=11368, stack(0x0000003e55f00000,0x0000003e56000000)]
  0x000001d61caf5000 JavaThread "Execution worker for ':react-native-gradle-plugin' Thread 2" [_thread_blocked, id=15280, stack(0x0000003e56000000,0x0000003e56100000)]
  0x000001d61caf3800 JavaThread "Execution worker for ':react-native-gradle-plugin' Thread 3" [_thread_blocked, id=6668, stack(0x0000003e56100000,0x0000003e56200000)]
  0x000001d61caf6000 JavaThread "Cache worker for execution history cache (E:\TestPro\node_modules\react-native-gradle-plugin\.gradle\7.3.3\executionHistory)" [_thread_blocked, id=9212, stack(0x0000003e56200000,0x0000003e56300000)]
  0x000001d61caf1000 JavaThread "Unconstrained build operations Thread 34" [_thread_blocked, id=14504, stack(0x0000003e56300000,0x0000003e56400000)]
  0x000001d61caf2800 JavaThread "Unconstrained build operations Thread 35" [_thread_blocked, id=14024, stack(0x0000003e56400000,0x0000003e56500000)]
  0x000001d61caf0000 JavaThread "Unconstrained build operations Thread 36" [_thread_blocked, id=8772, stack(0x0000003e56500000,0x0000003e56600000)]
  0x000001d61caf4800 JavaThread "Unconstrained build operations Thread 37" [_thread_blocked, id=4836, stack(0x0000003e56600000,0x0000003e56700000)]
  0x000001d61caf6800 JavaThread "Unconstrained build operations Thread 38" [_thread_blocked, id=424, stack(0x0000003e56700000,0x0000003e56800000)]
  0x000001d61af27800 JavaThread "Unconstrained build operations Thread 39" [_thread_blocked, id=1868, stack(0x0000003e56800000,0x0000003e56900000)]
  0x000001d61af25000 JavaThread "Unconstrained build operations Thread 40" [_thread_blocked, id=3344, stack(0x0000003e56900000,0x0000003e56a00000)]
  0x000001d61af29000 JavaThread "RMI Scheduler(0)" daemon [_thread_blocked, id=9524, stack(0x0000003e56a00000,0x0000003e56b00000)]
  0x000001d61af27000 JavaThread "RMI GC Daemon" daemon [_thread_blocked, id=428, stack(0x0000003e56c00000,0x0000003e56d00000)]
  0x000001d61af28800 JavaThread "RMI TCP Accept-0" daemon [_thread_in_native, id=5360, stack(0x0000003e56d00000,0x0000003e56e00000)]
  0x000001d61af23800 JavaThread "RMI Reaper" [_thread_blocked, id=12456, stack(0x0000003e56e00000,0x0000003e56f00000)]
  0x000001d61af2a000 JavaThread "RMI TCP Connection(2)-127.0.0.1" daemon [_thread_in_native, id=6116, stack(0x0000003e56f00000,0x0000003e57000000)]
  0x000001d61af24800 JavaThread "Cache worker for Java compile cache (C:\Users\A\.gradle\caches\7.3.3\javaCompile)" [_thread_blocked, id=3596, stack(0x0000003e50500000,0x0000003e50600000)]

Other Threads:
=>0x000001d61648d800 VMThread "VM Thread" [stack: 0x0000003e50e00000,0x0000003e50f00000] [id=3692]
  0x000001d6167da000 WatcherThread [stack: 0x0000003e51800000,0x0000003e51900000] [id=14812]
  0x000001d67746e000 GCTaskThread "GC Thread#0" [stack: 0x0000003e50900000,0x0000003e50a00000] [id=6736]
  0x000001d616e91800 GCTaskThread "GC Thread#1" [stack: 0x0000003e51900000,0x0000003e51a00000] [id=14184]
  0x000001d6189de000 GCTaskThread "GC Thread#2" [stack: 0x0000003e51b00000,0x0000003e51c00000] [id=4820]
  0x000001d618432800 GCTaskThread "GC Thread#3" [stack: 0x0000003e51c00000,0x0000003e51d00000] [id=13076]
  0x000001d6774a1800 ConcurrentGCThread "G1 Main Marker" [stack: 0x0000003e50a00000,0x0000003e50b00000] [id=12612]
  0x000001d6774a3800 ConcurrentGCThread "G1 Conc#0" [stack: 0x0000003e50b00000,0x0000003e50c00000] [id=14404]
  0x000001d6774fe800 ConcurrentGCThread "G1 Refine#0" [stack: 0x0000003e50c00000,0x0000003e50d00000] [id=11840]
  0x000001d6774ff800 ConcurrentGCThread "G1 Young RemSet Sampling" [stack: 0x0000003e50d00000,0x0000003e50e00000] [id=13172]

Threads with active compile tasks:
C2 CompilerThread0    97073 10906 %     4       java.net.URI::quote @ 21 (196 bytes)

VM state:at safepoint (normal execution)

VM Mutex/Monitor currently owned by a thread:  ([mutex/lock_event])
[0x000001d677450660] Threads_lock - owner thread: 0x000001d61648d800
[0x000001d6774511a0] Heap_lock - owner thread: 0x000001d61af24800

Heap address: 0x0000000080000000, size: 2048 MB, Compressed Oops mode: 32-bit
Narrow klass base: 0x0000000000000000, Narrow klass shift: 3
Compressed class space size: 528482304 Address: 0x0000000100000000

Heap:
 garbage-first heap   total 191488K, used 88178K [0x0000000080000000, 0x0000000100000000)
  region size 1024K, 2 young (2048K), 2 survivors (2048K)
 Metaspace       used 86800K, capacity 89390K, committed 89468K, reserved 593920K
  class space    used 11146K, capacity 12205K, committed 12236K, reserved 516096K
Heap Regions: E=young(eden), S=young(survivor), O=old, HS=humongous(starts), HC=humongous(continues), CS=collection set, F=free, A=archive, TAMS=top-at-mark-start (previous, next)
|   0|0x0000000080000000, 0x0000000080100000, 0x0000000080100000|100%| O|  |TAMS 0x0000000080100000, 0x0000000080000000| Untracked 
|   1|0x0000000080100000, 0x0000000080200000, 0x0000000080200000|100%| O|  |TAMS 0x0000000080200000, 0x0000000080100000| Untracked 
|   2|0x0000000080200000, 0x0000000080300000, 0x0000000080300000|100%| O|  |TAMS 0x0000000080300000, 0x0000000080200000| Untracked 
|   3|0x0000000080300000, 0x0000000080400000, 0x0000000080400000|100%|HS|  |TAMS 0x0000000080400000, 0x0000000080300000| Complete 
|   4|0x0000000080400000, 0x0000000080500000, 0x0000000080500000|100%|HC|  |TAMS 0x0000000080500000, 0x0000000080400000| Complete 
|   5|0x0000000080500000, 0x0000000080600000, 0x0000000080600000|100%|HC|  |TAMS 0x0000000080600000, 0x0000000080500000| Complete 
|   6|0x0000000080600000, 0x0000000080700000, 0x0000000080700000|100%| O|  |TAMS 0x0000000080700000, 0x0000000080600000| Untracked 
|   7|0x0000000080700000, 0x0000000080800000, 0x0000000080800000|100%| O|  |TAMS 0x0000000080800000, 0x0000000080700000| Untracked 
|   8|0x0000000080800000, 0x0000000080900000, 0x0000000080900000|100%| O|  |TAMS 0x0000000080900000, 0x0000000080800000| Untracked 
|   9|0x0000000080900000, 0x0000000080a00000, 0x0000000080a00000|100%| O|  |TAMS 0x0000000080a00000, 0x0000000080900000| Untracked 
|  10|0x0000000080a00000, 0x0000000080b00000, 0x0000000080b00000|100%| O|  |TAMS 0x0000000080b00000, 0x0000000080a00000| Untracked 
|  11|0x0000000080b00000, 0x0000000080c00000, 0x0000000080c00000|100%| O|  |TAMS 0x0000000080c00000, 0x0000000080b00000| Untracked 
|  12|0x0000000080c00000, 0x0000000080d00000, 0x0000000080d00000|100%| O|  |TAMS 0x0000000080d00000, 0x0000000080c00000| Untracked 
|  13|0x0000000080d00000, 0x0000000080e00000, 0x0000000080e00000|100%| O|  |TAMS 0x0000000080e00000, 0x0000000080d00000| Untracked 
|  14|0x0000000080e00000, 0x0000000080f00000, 0x0000000080f00000|100%| O|  |TAMS 0x0000000080f00000, 0x0000000080e00000| Untracked 
|  15|0x0000000080f00000, 0x0000000081000000, 0x0000000081000000|100%| O|  |TAMS 0x0000000081000000, 0x0000000080f00000| Untracked 
|  16|0x0000000081000000, 0x0000000081100000, 0x0000000081100000|100%| O|  |TAMS 0x0000000081100000, 0x0000000081000000| Untracked 
|  17|0x0000000081100000, 0x0000000081200000, 0x0000000081200000|100%| O|  |TAMS 0x0000000081200000, 0x0000000081100000| Untracked 
|  18|0x0000000081200000, 0x0000000081300000, 0x0000000081300000|100%| O|  |TAMS 0x0000000081300000, 0x0000000081200000| Untracked 
|  19|0x0000000081300000, 0x0000000081400000, 0x0000000081400000|100%| O|  |TAMS 0x0000000081400000, 0x0000000081300000| Untracked 
|  20|0x0000000081400000, 0x0000000081500000, 0x0000000081500000|100%| O|  |TAMS 0x0000000081500000, 0x0000000081400000| Untracked 
|  21|0x0000000081500000, 0x0000000081600000, 0x0000000081600000|100%| O|  |TAMS 0x0000000081600000, 0x0000000081500000| Untracked 
|  22|0x0000000081600000, 0x0000000081700000, 0x0000000081700000|100%| O|  |TAMS 0x0000000081700000, 0x0000000081600000| Untracked 
|  23|0x0000000081700000, 0x0000000081800000, 0x0000000081800000|100%| O|  |TAMS 0x0000000081800000, 0x0000000081700000| Untracked 
|  24|0x0000000081800000, 0x0000000081900000, 0x0000000081900000|100%| O|  |TAMS 0x0000000081900000, 0x0000000081800000| Untracked 
|  25|0x0000000081900000, 0x0000000081a00000, 0x0000000081a00000|100%| O|  |TAMS 0x0000000081a00000, 0x0000000081900000| Untracked 
|  26|0x0000000081a00000, 0x0000000081b00000, 0x0000000081b00000|100%| O|  |TAMS 0x0000000081b00000, 0x0000000081a00000| Untracked 
|  27|0x0000000081b00000, 0x0000000081c00000, 0x0000000081c00000|100%| O|  |TAMS 0x0000000081c00000, 0x0000000081b00000| Untracked 
|  28|0x0000000081c00000, 0x0000000081d00000, 0x0000000081d00000|100%| O|  |TAMS 0x0000000081d00000, 0x0000000081c00000| Untracked 
|  29|0x0000000081d00000, 0x0000000081e00000, 0x0000000081e00000|100%| O|  |TAMS 0x0000000081e00000, 0x0000000081d00000| Untracked 
|  30|0x0000000081e00000, 0x0000000081f00000, 0x0000000081f00000|100%| O|  |TAMS 0x0000000081f00000, 0x0000000081e00000| Untracked 
|  31|0x0000000081f00000, 0x0000000082000000, 0x0000000082000000|100%| O|  |TAMS 0x0000000082000000, 0x0000000081f00000| Untracked 
|  32|0x0000000082000000, 0x0000000082100000, 0x0000000082100000|100%| O|  |TAMS 0x0000000082100000, 0x0000000082000000| Untracked 
|  33|0x0000000082100000, 0x0000000082200000, 0x0000000082200000|100%|HS|  |TAMS 0x0000000082200000, 0x0000000082100000| Complete 
|  34|0x0000000082200000, 0x0000000082300000, 0x0000000082300000|100%|HS|  |TAMS 0x0000000082300000, 0x0000000082200000| Complete 
|  35|0x0000000082300000, 0x0000000082400000, 0x0000000082400000|100%|HC|  |TAMS 0x0000000082400000, 0x0000000082300000| Complete 
|  36|0x0000000082400000, 0x0000000082500000, 0x0000000082500000|100%|HC|  |TAMS 0x0000000082500000, 0x0000000082400000| Complete 
|  37|0x0000000082500000, 0x0000000082600000, 0x0000000082600000|100%| O|  |TAMS 0x0000000082600000, 0x0000000082500000| Untracked 
|  38|0x0000000082600000, 0x0000000082700000, 0x0000000082700000|100%| O|  |TAMS 0x0000000082700000, 0x0000000082600000| Untracked 
|  39|0x0000000082700000, 0x0000000082800000, 0x0000000082800000|100%| O|  |TAMS 0x0000000082800000, 0x0000000082700000| Untracked 
|  40|0x0000000082800000, 0x0000000082900000, 0x0000000082900000|100%| O|  |TAMS 0x0000000082900000, 0x0000000082800000| Untracked 
|  41|0x0000000082900000, 0x0000000082a00000, 0x0000000082a00000|100%| O|  |TAMS 0x0000000082a00000, 0x0000000082900000| Untracked 
|  42|0x0000000082a00000, 0x0000000082b00000, 0x0000000082b00000|100%| O|  |TAMS 0x0000000082b00000, 0x0000000082a00000| Untracked 
|  43|0x0000000082b00000, 0x0000000082c00000, 0x0000000082c00000|100%| O|  |TAMS 0x0000000082c00000, 0x0000000082b00000| Untracked 
|  44|0x0000000082c00000, 0x0000000082d00000, 0x0000000082d00000|100%| O|  |TAMS 0x0000000082d00000, 0x0000000082c00000| Untracked 
|  45|0x0000000082d00000, 0x0000000082e00000, 0x0000000082e00000|100%| O|  |TAMS 0x0000000082e00000, 0x0000000082d00000| Untracked 
|  46|0x0000000082e00000, 0x0000000082f00000, 0x0000000082f00000|100%| O|  |TAMS 0x0000000082f00000, 0x0000000082e00000| Untracked 
|  47|0x0000000082f00000, 0x0000000083000000, 0x0000000083000000|100%| O|  |TAMS 0x0000000083000000, 0x0000000082f00000| Untracked 
|  48|0x0000000083000000, 0x0000000083100000, 0x0000000083100000|100%| O|  |TAMS 0x0000000083100000, 0x0000000083000000| Untracked 
|  49|0x0000000083100000, 0x0000000083200000, 0x0000000083200000|100%| O|  |TAMS 0x0000000083200000, 0x0000000083100000| Untracked 
|  50|0x0000000083200000, 0x0000000083300000, 0x0000000083300000|100%| O|  |TAMS 0x0000000083300000, 0x0000000083200000| Untracked 
|  51|0x0000000083300000, 0x0000000083400000, 0x0000000083400000|100%| O|  |TAMS 0x0000000083400000, 0x0000000083300000| Untracked 
|  52|0x0000000083400000, 0x0000000083500000, 0x0000000083500000|100%| O|  |TAMS 0x0000000083500000, 0x0000000083400000| Untracked 
|  53|0x0000000083500000, 0x0000000083600000, 0x0000000083600000|100%| O|  |TAMS 0x0000000083600000, 0x0000000083500000| Untracked 
|  54|0x0000000083600000, 0x0000000083700000, 0x0000000083700000|100%| O|  |TAMS 0x0000000083700000, 0x0000000083600000| Untracked 
|  55|0x0000000083700000, 0x0000000083800000, 0x0000000083800000|100%| O|  |TAMS 0x0000000083800000, 0x0000000083700000| Untracked 
|  56|0x0000000083800000, 0x0000000083900000, 0x0000000083900000|100%| O|  |TAMS 0x0000000083900000, 0x0000000083800000| Untracked 
|  57|0x0000000083900000, 0x0000000083a00000, 0x0000000083a00000|100%|HS|  |TAMS 0x0000000083a00000, 0x0000000083900000| Complete 
|  58|0x0000000083a00000, 0x0000000083b00000, 0x0000000083b00000|100%|HC|  |TAMS 0x0000000083b00000, 0x0000000083a00000| Complete 
|  59|0x0000000083b00000, 0x0000000083c00000, 0x0000000083c00000|100%|HC|  |TAMS 0x0000000083c00000, 0x0000000083b00000| Complete 
|  60|0x0000000083c00000, 0x0000000083d00000, 0x0000000083d00000|100%|HC|  |TAMS 0x0000000083d00000, 0x0000000083c00000| Complete 
|  61|0x0000000083d00000, 0x0000000083e00000, 0x0000000083e00000|100%|HC|  |TAMS 0x0000000083e00000, 0x0000000083d00000| Complete 
|  62|0x0000000083e00000, 0x0000000083f00000, 0x0000000083f00000|100%| O|  |TAMS 0x0000000083f00000, 0x0000000083e00000| Untracked 
|  63|0x0000000083f00000, 0x0000000084000000, 0x0000000084000000|100%| O|  |TAMS 0x0000000084000000, 0x0000000083f00000| Untracked 
|  64|0x0000000084000000, 0x0000000084100000, 0x0000000084100000|100%| O|  |TAMS 0x0000000084100000, 0x0000000084000000| Untracked 
|  65|0x0000000084100000, 0x0000000084200000, 0x0000000084200000|100%| O|  |TAMS 0x0000000084200000, 0x0000000084100000| Untracked 
|  66|0x0000000084200000, 0x0000000084300000, 0x0000000084300000|100%| O|  |TAMS 0x0000000084300000, 0x0000000084200000| Untracked 
|  67|0x0000000084300000, 0x0000000084400000, 0x0000000084400000|100%| O|  |TAMS 0x0000000084400000, 0x0000000084300000| Untracked 
|  68|0x0000000084400000, 0x0000000084500000, 0x0000000084500000|100%| O|  |TAMS 0x0000000084500000, 0x0000000084400000| Untracked 
|  69|0x0000000084500000, 0x0000000084600000, 0x0000000084600000|100%| O|  |TAMS 0x0000000084600000, 0x0000000084500000| Untracked 
|  70|0x0000000084600000, 0x0000000084700000, 0x0000000084700000|100%| O|  |TAMS 0x0000000084700000, 0x0000000084600000| Untracked 
|  71|0x0000000084700000, 0x0000000084800000, 0x0000000084800000|100%| O|  |TAMS 0x0000000084800000, 0x0000000084700000| Untracked 
|  72|0x0000000084800000, 0x0000000084900000, 0x0000000084900000|100%|HS|  |TAMS 0x0000000084900000, 0x0000000084800000| Complete 
|  73|0x0000000084900000, 0x0000000084a00000, 0x0000000084a00000|100%| O|  |TAMS 0x0000000084a00000, 0x0000000084900000| Untracked 
|  74|0x0000000084a00000, 0x0000000084b00000, 0x0000000084b00000|100%| O|  |TAMS 0x0000000084b00000, 0x0000000084a00000| Untracked 
|  75|0x0000000084b00000, 0x0000000084c00000, 0x0000000084c00000|100%| O|  |TAMS 0x0000000084c00000, 0x0000000084b00000| Untracked 
|  76|0x0000000084c00000, 0x0000000084d00000, 0x0000000084d00000|100%| O|  |TAMS 0x0000000084d00000, 0x0000000084c00000| Untracked 
|  77|0x0000000084d00000, 0x0000000084e00000, 0x0000000084e00000|100%| O|  |TAMS 0x0000000084e00000, 0x0000000084d00000| Untracked 
|  78|0x0000000084e00000, 0x0000000084f00000, 0x0000000084f00000|100%| O|  |TAMS 0x0000000084f00000, 0x0000000084e00000| Untracked 
|  79|0x0000000084f00000, 0x0000000085000000, 0x0000000085000000|100%| O|  |TAMS 0x0000000085000000, 0x0000000084f00000| Untracked 
|  80|0x0000000085000000, 0x0000000085100000, 0x0000000085100000|100%| O|  |TAMS 0x0000000085100000, 0x0000000085000000| Untracked 
|  81|0x0000000085100000, 0x0000000085200000, 0x0000000085200000|100%| O|  |TAMS 0x0000000085200000, 0x0000000085100000| Untracked 
|  82|0x0000000085200000, 0x0000000085300000, 0x0000000085300000|100%| O|  |TAMS 0x0000000085300000, 0x0000000085200000| Untracked 
|  83|0x0000000085300000, 0x0000000085400000, 0x0000000085400000|100%| O|  |TAMS 0x0000000085400000, 0x0000000085300000| Untracked 
|  84|0x0000000085400000, 0x0000000085500000, 0x0000000085500000|100%| O|  |TAMS 0x0000000085500000, 0x0000000085400000| Untracked 
|  85|0x0000000085500000, 0x0000000085500000, 0x0000000085600000|  0%| F|  |TAMS 0x0000000085500000, 0x0000000085500000| Untracked 
|  86|0x0000000085600000, 0x0000000085600000, 0x0000000085700000|  0%| F|  |TAMS 0x0000000085600000, 0x0000000085600000| Untracked 
|  87|0x0000000085700000, 0x0000000085700000, 0x0000000085800000|  0%| F|  |TAMS 0x0000000085700000, 0x0000000085700000| Untracked 
|  88|0x0000000085800000, 0x0000000085800000, 0x0000000085900000|  0%| F|  |TAMS 0x0000000085800000, 0x0000000085800000| Untracked 
|  89|0x0000000085900000, 0x0000000085900000, 0x0000000085a00000|  0%| F|  |TAMS 0x0000000085900000, 0x0000000085900000| Untracked 
|  90|0x0000000085a00000, 0x0000000085a00000, 0x0000000085b00000|  0%| F|  |TAMS 0x0000000085a00000, 0x0000000085a00000| Untracked 
|  91|0x0000000085b00000, 0x0000000085b00000, 0x0000000085c00000|  0%| F|  |TAMS 0x0000000085b00000, 0x0000000085b00000| Untracked 
|  92|0x0000000085c00000, 0x0000000085c00000, 0x0000000085d00000|  0%| F|  |TAMS 0x0000000085c00000, 0x0000000085c00000| Untracked 
|  93|0x0000000085d00000, 0x0000000085d00000, 0x0000000085e00000|  0%| F|  |TAMS 0x0000000085d00000, 0x0000000085d00000| Untracked 
|  94|0x0000000085e00000, 0x0000000085e00000, 0x0000000085f00000|  0%| F|  |TAMS 0x0000000085e00000, 0x0000000085e00000| Untracked 
|  95|0x0000000085f00000, 0x0000000085f00000, 0x0000000086000000|  0%| F|  |TAMS 0x0000000085f00000, 0x0000000085f00000| Untracked 
|  96|0x0000000086000000, 0x0000000086000000, 0x0000000086100000|  0%| F|  |TAMS 0x0000000086000000, 0x0000000086000000| Untracked 
|  97|0x0000000086100000, 0x0000000086100000, 0x0000000086200000|  0%| F|  |TAMS 0x0000000086100000, 0x0000000086100000| Untracked 
|  98|0x0000000086200000, 0x0000000086200000, 0x0000000086300000|  0%| F|  |TAMS 0x0000000086200000, 0x0000000086200000| Untracked 
|  99|0x0000000086300000, 0x0000000086300000, 0x0000000086400000|  0%| F|  |TAMS 0x0000000086300000, 0x0000000086300000| Untracked 
| 100|0x0000000086400000, 0x0000000086400000, 0x0000000086500000|  0%| F|  |TAMS 0x0000000086400000, 0x0000000086400000| Untracked 
| 101|0x0000000086500000, 0x0000000086500000, 0x0000000086600000|  0%| F|  |TAMS 0x0000000086500000, 0x0000000086500000| Untracked 
| 102|0x0000000086600000, 0x0000000086600000, 0x0000000086700000|  0%| F|  |TAMS 0x0000000086600000, 0x0000000086600000| Untracked 
| 103|0x0000000086700000, 0x0000000086700000, 0x0000000086800000|  0%| F|  |TAMS 0x0000000086700000, 0x0000000086700000| Untracked 
| 104|0x0000000086800000, 0x0000000086800000, 0x0000000086900000|  0%| F|  |TAMS 0x0000000086800000, 0x0000000086800000| Untracked 
| 105|0x0000000086900000, 0x000000008691cb20, 0x0000000086a00000| 11%| S|CS|TAMS 0x0000000086900000, 0x0000000086900000| Complete 
| 106|0x0000000086a00000, 0x0000000086b00000, 0x0000000086b00000|100%| S|CS|TAMS 0x0000000086a00000, 0x0000000086a00000| Complete 
| 107|0x0000000086b00000, 0x0000000086b00000, 0x0000000086c00000|  0%| F|  |TAMS 0x0000000086b00000, 0x0000000086b00000| Untracked 
| 108|0x0000000086c00000, 0x0000000086c00000, 0x0000000086d00000|  0%| F|  |TAMS 0x0000000086c00000, 0x0000000086c00000| Untracked 
| 109|0x0000000086d00000, 0x0000000086d00000, 0x0000000086e00000|  0%| F|  |TAMS 0x0000000086d00000, 0x0000000086d00000| Untracked 
| 110|0x0000000086e00000, 0x0000000086e00000, 0x0000000086f00000|  0%| F|  |TAMS 0x0000000086e00000, 0x0000000086e00000| Untracked 
| 111|0x0000000086f00000, 0x0000000086f00000, 0x0000000087000000|  0%| F|  |TAMS 0x0000000086f00000, 0x0000000086f00000| Untracked 
| 112|0x0000000087000000, 0x0000000087000000, 0x0000000087100000|  0%| F|  |TAMS 0x0000000087000000, 0x0000000087000000| Untracked 
| 113|0x0000000087100000, 0x0000000087100000, 0x0000000087200000|  0%| F|  |TAMS 0x0000000087100000, 0x0000000087100000| Untracked 
| 114|0x0000000087200000, 0x0000000087200000, 0x0000000087300000|  0%| F|  |TAMS 0x0000000087200000, 0x0000000087200000| Untracked 
| 115|0x0000000087300000, 0x0000000087300000, 0x0000000087400000|  0%| F|  |TAMS 0x0000000087300000, 0x0000000087300000| Untracked 
| 116|0x0000000087400000, 0x0000000087400000, 0x0000000087500000|  0%| F|  |TAMS 0x0000000087400000, 0x0000000087400000| Untracked 

Card table byte_map: [0x000001d60f000000,0x000001d60f400000] _byte_map_base: 0x000001d60ec00000

Marking Bits (Prev, Next): (CMBitMap*) 0x000001d677498580, (CMBitMap*) 0x000001d677498548
 Prev Bits: [0x000001d611800000, 0x000001d613800000)
 Next Bits: [0x000001d60f800000, 0x000001d611800000)

Polling page: 0x000001d675390000

Metaspace:

Usage:
  Non-class:     75.38 MB capacity,    73.88 MB ( 98%) used,     1.21 MB (  2%) free+waste,   287.13 KB ( <1%) overhead. 
      Class:     11.92 MB capacity,    10.89 MB ( 91%) used,   922.71 KB (  8%) free+waste,   136.00 KB (  1%) overhead. 
       Both:     87.29 MB capacity,    84.77 MB ( 97%) used,     2.12 MB (  2%) free+waste,   423.13 KB ( <1%) overhead. 

Virtual space:
  Non-class space:       76.00 MB reserved,      75.42 MB (>99%) committed 
      Class space:      504.00 MB reserved,      11.95 MB (  2%) committed 
             Both:      580.00 MB reserved,      87.37 MB ( 15%) committed 

Chunk freelists:
   Non-Class:  47.00 KB
       Class:  19.00 KB
        Both:  66.00 KB

MaxMetaspaceSize: 512.00 MB
CompressedClassSpaceSize: 504.00 MB
Initial GC threshold: 20.80 MB
Current GC threshold: 144.79 MB
CDS: off

CodeHeap 'non-profiled nmethods': size=120064Kb used=4651Kb max_used=4651Kb free=115412Kb
 bounds [0x000001d607ac0000, 0x000001d607f50000, 0x000001d60f000000]
CodeHeap 'profiled nmethods': size=120000Kb used=23102Kb max_used=23102Kb free=96897Kb
 bounds [0x000001d600590000, 0x000001d601c20000, 0x000001d607ac0000]
CodeHeap 'non-nmethods': size=5696Kb used=2417Kb max_used=2434Kb free=3278Kb
 bounds [0x000001d600000000, 0x000001d600270000, 0x000001d600590000]
 total_blobs=11652 nmethods=10712 adapters=849
 compilation: enabled
              stopped_count=0, restarted_count=0
 full_count=0

Compilation events (20 events):
Event: 96.627 Thread 0x000001d61650b800 10907       3       java.util.concurrent.locks.ReentrantReadWriteLock$WriteLock::lock (9 bytes)
Event: 96.628 Thread 0x000001d61650b800 nmethod 10907 0x000001d601c1bd10 code [0x000001d601c1bf00, 0x000001d601c1c338]
Event: 96.628 Thread 0x000001d61650b800 10908       2       java.util.concurrent.locks.ReentrantReadWriteLock::writeLock (5 bytes)
Event: 96.628 Thread 0x000001d61650b800 nmethod 10908 0x000001d601c1c510 code [0x000001d601c1c6c0, 0x000001d601c1c7b8]
Event: 96.639 Thread 0x000001d61650b800 10910       3       jdk.nio.zipfs.ZipFileSystem::endWrite (15 bytes)
Event: 96.640 Thread 0x000001d61650b800 nmethod 10910 0x000001d601c1c890 code [0x000001d601c1ca60, 0x000001d601c1ccc8]
Event: 96.718 Thread 0x000001d61650b800 10911   !   3       java.util.zip.Inflater::end (37 bytes)
Event: 96.719 Thread 0x000001d61650b800 nmethod 10911 0x000001d601c1ce90 code [0x000001d601c1d060, 0x000001d601c1d4e8]
Event: 96.830 Thread 0x000001d61650b800 10912       3       jdk.nio.zipfs.ZipFileSystem::beginWrite (15 bytes)
Event: 96.831 Thread 0x000001d61650b800 nmethod 10912 0x000001d601c1d690 code [0x000001d601c1d8a0, 0x000001d601c1ddf8]
Event: 96.966 Thread 0x000001d61650b800 10913       3       org.gradle.internal.serialize.kryo.KryoBackedEncoder::writeLong (9 bytes)
Event: 96.966 Thread 0x000001d61650b800 nmethod 10913 0x000001d601c1e090 code [0x000001d601c1e240, 0x000001d601c1e388]
Event: 96.966 Thread 0x000001d61650b800 10914       3       com.esotericsoftware.kryo.io.Output::writeLong (162 bytes)
Event: 96.967 Thread 0x000001d61650b800 nmethod 10914 0x000001d601c1e490 code [0x000001d601c1e660, 0x000001d601c1e988]
Event: 96.972 Thread 0x000001d61650b800 10915 %     3       org.gradle.cache.internal.btree.BTreePersistentIndexedCache$IndexBlock::read @ 16 (94 bytes)
Event: 96.973 Thread 0x000001d61650b800 nmethod 10915% 0x000001d601c1eb10 code [0x000001d601c1eda0, 0x000001d601c1f5f8]
Event: 96.979 Thread 0x000001d616505800 nmethod 10855 0x000001d607f43c10 code [0x000001d607f44020, 0x000001d607f484d0]
Event: 96.980 Thread 0x000001d616505800 10909       4       sun.nio.fs.WindowsPath::hashCode (52 bytes)
Event: 96.989 Thread 0x000001d616505800 nmethod 10909 0x000001d607f4a810 code [0x000001d607f4a9c0, 0x000001d607f4ac48]
Event: 96.989 Thread 0x000001d616505800 10906 %     4       java.net.URI::quote @ 21 (196 bytes)

GC Heap History (20 events):
Event: 92.971 GC heap after
{Heap after GC invocations=49 (full 0):
 garbage-first heap   total 95232K, used 79757K [0x0000000080000000, 0x0000000100000000)
  region size 1024K, 1 young (1024K), 1 survivors (1024K)
 Metaspace       used 83319K, capacity 85876K, committed 86012K, reserved 591872K
  class space    used 10830K, capacity 11812K, committed 11852K, reserved 516096K
}
Event: 93.024 GC heap before
{Heap before GC invocations=49 (full 0):
 garbage-first heap   total 95232K, used 82829K [0x0000000080000000, 0x0000000100000000)
  region size 1024K, 4 young (4096K), 1 survivors (1024K)
 Metaspace       used 83365K, capacity 85940K, committed 86012K, reserved 591872K
  class space    used 10830K, capacity 11812K, committed 11852K, reserved 516096K
}
Event: 93.028 GC heap after
{Heap after GC invocations=50 (full 0):
 garbage-first heap   total 95232K, used 80896K [0x0000000080000000, 0x0000000100000000)
  region size 1024K, 1 young (1024K), 1 survivors (1024K)
 Metaspace       used 83365K, capacity 85940K, committed 86012K, reserved 591872K
  class space    used 10830K, capacity 11812K, committed 11852K, reserved 516096K
}
Event: 93.208 GC heap before
{Heap before GC invocations=50 (full 0):
 garbage-first heap   total 95232K, used 83968K [0x0000000080000000, 0x0000000100000000)
  region size 1024K, 4 young (4096K), 1 survivors (1024K)
 Metaspace       used 83471K, capacity 85958K, committed 86012K, reserved 591872K
  class space    used 10842K, capacity 11818K, committed 11852K, reserved 516096K
}
Event: 93.214 GC heap after
{Heap after GC invocations=51 (full 0):
 garbage-first heap   total 95232K, used 81650K [0x0000000080000000, 0x0000000100000000)
  region size 1024K, 1 young (1024K), 1 survivors (1024K)
 Metaspace       used 83471K, capacity 85958K, committed 86012K, reserved 591872K
  class space    used 10842K, capacity 11818K, committed 11852K, reserved 516096K
}
Event: 93.311 GC heap before
{Heap before GC invocations=51 (full 0):
 garbage-first heap   total 95232K, used 84722K [0x0000000080000000, 0x0000000100000000)
  region size 1024K, 4 young (4096K), 1 survivors (1024K)
 Metaspace       used 83583K, capacity 86100K, committed 86268K, reserved 591872K
  class space    used 10852K, capacity 11822K, committed 11852K, reserved 516096K
}
Event: 93.316 GC heap after
{Heap after GC invocations=52 (full 0):
 garbage-first heap   total 95232K, used 82193K [0x0000000080000000, 0x0000000100000000)
  region size 1024K, 1 young (1024K), 1 survivors (1024K)
 Metaspace       used 83583K, capacity 86100K, committed 86268K, reserved 591872K
  class space    used 10852K, capacity 11822K, committed 11852K, reserved 516096K
}
Event: 93.401 GC heap before
{Heap before GC invocations=52 (full 0):
 garbage-first heap   total 95232K, used 85265K [0x0000000080000000, 0x0000000100000000)
  region size 1024K, 4 young (4096K), 1 survivors (1024K)
 Metaspace       used 83703K, capacity 86200K, committed 86396K, reserved 591872K
  class space    used 10860K, capacity 11855K, committed 11980K, reserved 516096K
}
Event: 93.405 GC heap after
{Heap after GC invocations=53 (full 0):
 garbage-first heap   total 95232K, used 83038K [0x0000000080000000, 0x0000000100000000)
  region size 1024K, 1 young (1024K), 1 survivors (1024K)
 Metaspace       used 83703K, capacity 86200K, committed 86396K, reserved 591872K
  class space    used 10860K, capacity 11855K, committed 11980K, reserved 516096K
}
Event: 93.478 GC heap before
{Heap before GC invocations=54 (full 0):
 garbage-first heap   total 95232K, used 86110K [0x0000000080000000, 0x0000000100000000)
  region size 1024K, 4 young (4096K), 1 survivors (1024K)
 Metaspace       used 83788K, capacity 86305K, committed 86652K, reserved 591872K
  class space    used 10873K, capacity 11869K, committed 11980K, reserved 516096K
}
Event: 93.486 GC heap after
{Heap after GC invocations=55 (full 0):
 garbage-first heap   total 95232K, used 83957K [0x0000000080000000, 0x0000000100000000)
  region size 1024K, 1 young (1024K), 1 survivors (1024K)
 Metaspace       used 83788K, capacity 86305K, committed 86652K, reserved 591872K
  class space    used 10873K, capacity 11869K, committed 11980K, reserved 516096K
}
Event: 93.519 GC heap before
{Heap before GC invocations=55 (full 0):
 garbage-first heap   total 95232K, used 87029K [0x0000000080000000, 0x0000000100000000)
  region size 1024K, 4 young (4096K), 1 survivors (1024K)
 Metaspace       used 83827K, capacity 86381K, committed 86652K, reserved 591872K
  class space    used 10875K, capacity 11872K, committed 11980K, reserved 516096K
}
Event: 93.526 GC heap after
{Heap after GC invocations=56 (full 0):
 garbage-first heap   total 119808K, used 84454K [0x0000000080000000, 0x0000000100000000)
  region size 1024K, 1 young (1024K), 1 survivors (1024K)
 Metaspace       used 83827K, capacity 86381K, committed 86652K, reserved 591872K
  class space    used 10875K, capacity 11872K, committed 11980K, reserved 516096K
}
Event: 93.743 GC heap before
{Heap before GC invocations=56 (full 0):
 garbage-first heap   total 119808K, used 92646K [0x0000000080000000, 0x0000000100000000)
  region size 1024K, 9 young (9216K), 1 survivors (1024K)
 Metaspace       used 84064K, capacity 86579K, committed 86908K, reserved 591872K
  class space    used 10880K, capacity 11872K, committed 11980K, reserved 516096K
}
Event: 93.750 GC heap after
{Heap after GC invocations=57 (full 0):
 garbage-first heap   total 119808K, used 85619K [0x0000000080000000, 0x0000000100000000)
  region size 1024K, 2 young (2048K), 2 survivors (2048K)
 Metaspace       used 84064K, capacity 86579K, committed 86908K, reserved 591872K
  class space    used 10880K, capacity 11872K, committed 11980K, reserved 516096K
}
Event: 94.502 GC heap before
{Heap before GC invocations=58 (full 0):
 garbage-first heap   total 119808K, used 93811K [0x0000000080000000, 0x0000000100000000)
  region size 1024K, 10 young (10240K), 2 survivors (2048K)
 Metaspace       used 85799K, capacity 88353K, committed 88572K, reserved 593920K
  class space    used 11083K, capacity 12081K, committed 12108K, reserved 516096K
}
Event: 94.514 GC heap after
{Heap after GC invocations=59 (full 0):
 garbage-first heap   total 119808K, used 87116K [0x0000000080000000, 0x0000000100000000)
  region size 1024K, 2 young (2048K), 2 survivors (2048K)
 Metaspace       used 85799K, capacity 88353K, committed 88572K, reserved 593920K
  class space    used 11083K, capacity 12081K, committed 12108K, reserved 516096K
}
Event: 95.615 GC heap before
{Heap before GC invocations=59 (full 0):
 garbage-first heap   total 119808K, used 95308K [0x0000000080000000, 0x0000000100000000)
  region size 1024K, 10 young (10240K), 2 survivors (2048K)
 Metaspace       used 86155K, capacity 88721K, committed 88956K, reserved 593920K
  class space    used 11106K, capacity 12134K, committed 12236K, reserved 516096K
}
Event: 95.625 GC heap after
{Heap after GC invocations=60 (full 0):
 garbage-first heap   total 119808K, used 87505K [0x0000000080000000, 0x0000000100000000)
  region size 1024K, 1 young (1024K), 1 survivors (1024K)
 Metaspace       used 86155K, capacity 88721K, committed 88956K, reserved 593920K
  class space    used 11106K, capacity 12134K, committed 12236K, reserved 516096K
}
Event: 96.998 GC heap before
{Heap before GC invocations=61 (full 0):
 garbage-first heap   total 119808K, used 96721K [0x0000000080000000, 0x0000000100000000)
  region size 1024K, 10 young (10240K), 1 survivors (1024K)
 Metaspace       used 86800K, capacity 89390K, committed 89468K, reserved 593920K
  class space    used 11146K, capacity 12205K, committed 12236K, reserved 516096K
}

Deoptimization events (20 events):
Event: 96.325 Thread 0x000001d61caec000 DEOPT PACKING pc=0x000001d607f249e4 sp=0x0000003e55ef5580
Event: 96.325 Thread 0x000001d61caec000 DEOPT UNPACKING pc=0x000001d60004a1af sp=0x0000003e55ef5520 mode 2
Event: 96.326 Thread 0x000001d61caec000 Uncommon trap: trap_request=0xffffffc6 fr.pc=0x000001d607f249e4 relative=0x00000000000001e4
Event: 96.326 Thread 0x000001d61caec000 Uncommon trap: reason=bimorphic_or_optimized_type_check action=maybe_recompile pc=0x000001d607f249e4 method=com.sun.tools.javac.code.Type$ClassType.contains(Lcom/sun/tools/javac/code/Type;)Z @ 38 c2
Event: 96.326 Thread 0x000001d61caec000 DEOPT PACKING pc=0x000001d607f249e4 sp=0x0000003e55ef50c0
Event: 96.326 Thread 0x000001d61caec000 DEOPT UNPACKING pc=0x000001d60004a1af sp=0x0000003e55ef5060 mode 2
Event: 96.332 Thread 0x000001d61caec000 Uncommon trap: trap_request=0xffffffc6 fr.pc=0x000001d607f249e4 relative=0x00000000000001e4
Event: 96.332 Thread 0x000001d61caec000 Uncommon trap: reason=bimorphic_or_optimized_type_check action=maybe_recompile pc=0x000001d607f249e4 method=com.sun.tools.javac.code.Type$ClassType.contains(Lcom/sun/tools/javac/code/Type;)Z @ 38 c2
Event: 96.332 Thread 0x000001d61caec000 DEOPT PACKING pc=0x000001d607f249e4 sp=0x0000003e55ef55b0
Event: 96.332 Thread 0x000001d61caec000 DEOPT UNPACKING pc=0x000001d60004a1af sp=0x0000003e55ef5550 mode 2
Event: 96.332 Thread 0x000001d61caec000 Uncommon trap: trap_request=0xffffffc6 fr.pc=0x000001d607f249e4 relative=0x00000000000001e4
Event: 96.332 Thread 0x000001d61caec000 Uncommon trap: reason=bimorphic_or_optimized_type_check action=maybe_recompile pc=0x000001d607f249e4 method=com.sun.tools.javac.code.Type$ClassType.contains(Lcom/sun/tools/javac/code/Type;)Z @ 38 c2
Event: 96.332 Thread 0x000001d61caec000 DEOPT PACKING pc=0x000001d607f249e4 sp=0x0000003e55ef51d0
Event: 96.332 Thread 0x000001d61caec000 DEOPT UNPACKING pc=0x000001d60004a1af sp=0x0000003e55ef5170 mode 2
Event: 96.498 Thread 0x000001d61caec000 Uncommon trap: trap_request=0xffffff4d fr.pc=0x000001d607f27a58 relative=0x0000000000000998
Event: 96.498 Thread 0x000001d61caec000 Uncommon trap: reason=unstable_if action=reinterpret pc=0x000001d607f27a58 method=com.sun.tools.javac.code.Types$15.visitClassType(Lcom/sun/tools/javac/code/Type$ClassType;Ljava/lang/Void;)Lcom/sun/tools/javac/code/Type; @ 43 c2
Event: 96.498 Thread 0x000001d61caec000 DEOPT PACKING pc=0x000001d607f27a58 sp=0x0000003e55ef7dc0
Event: 96.498 Thread 0x000001d61caec000 DEOPT UNPACKING pc=0x000001d60004a1af sp=0x0000003e55ef7d80 mode 2
Event: 96.923 Thread 0x000001d6174ad000 DEOPT PACKING pc=0x000001d601663e46 sp=0x0000003e529feb30
Event: 96.923 Thread 0x000001d6174ad000 DEOPT UNPACKING pc=0x000001d60004a95e sp=0x0000003e529fdfd0 mode 0

Classes redefined (0 events):
No events

Internal exceptions (20 events):
Event: 94.994 Thread 0x000001d61caec000 Exception <a 'sun/nio/fs/WindowsException'{0x000000008723dc98}> (0x000000008723dc98) thrown at [./src/hotspot/share/prims/jni.cpp, line 617]
Event: 95.280 Thread 0x000001d61caec000 Exception <a 'sun/nio/fs/WindowsException'{0x00000000870370c0}> (0x00000000870370c0) thrown at [./src/hotspot/share/prims/jni.cpp, line 617]
Event: 95.314 Thread 0x000001d61caec000 Exception <a 'sun/nio/fs/WindowsException'{0x0000000087063708}> (0x0000000087063708) thrown at [./src/hotspot/share/prims/jni.cpp, line 617]
Event: 95.317 Thread 0x000001d61caec000 Exception <a 'sun/nio/fs/WindowsException'{0x000000008706cce8}> (0x000000008706cce8) thrown at [./src/hotspot/share/prims/jni.cpp, line 617]
Event: 95.819 Thread 0x000001d61caec000 Exception <a 'sun/nio/fs/WindowsException'{0x0000000087321be0}> (0x0000000087321be0) thrown at [./src/hotspot/share/prims/jni.cpp, line 617]
Event: 95.831 Thread 0x000001d61caec000 Exception <a 'sun/nio/fs/WindowsException'{0x0000000087359a88}> (0x0000000087359a88) thrown at [./src/hotspot/share/prims/jni.cpp, line 617]
Event: 95.848 Thread 0x000001d61caec000 Exception <a 'sun/nio/fs/WindowsException'{0x000000008737c6b8}> (0x000000008737c6b8) thrown at [./src/hotspot/share/prims/jni.cpp, line 617]
Event: 96.041 Thread 0x000001d61caec000 Exception <a 'sun/nio/fs/WindowsException'{0x00000000872c0c70}> (0x00000000872c0c70) thrown at [./src/hotspot/share/prims/jni.cpp, line 617]
Event: 96.062 Thread 0x000001d61caec000 Exception <a 'sun/nio/fs/WindowsException'{0x00000000872cd668}> (0x00000000872cd668) thrown at [./src/hotspot/share/prims/jni.cpp, line 617]
Event: 96.109 Thread 0x000001d61caec000 Exception <a 'sun/nio/fs/WindowsException'{0x00000000872ebae8}> (0x00000000872ebae8) thrown at [./src/hotspot/share/prims/jni.cpp, line 617]
Event: 96.118 Thread 0x000001d61caec000 Exception <a 'sun/nio/fs/WindowsException'{0x0000000087107db8}> (0x0000000087107db8) thrown at [./src/hotspot/share/prims/jni.cpp, line 617]
Event: 96.128 Thread 0x000001d61caec000 Exception <a 'sun/nio/fs/WindowsException'{0x000000008712bf30}> (0x000000008712bf30) thrown at [./src/hotspot/share/prims/jni.cpp, line 617]
Event: 96.132 Thread 0x000001d61caec000 Exception <a 'sun/nio/fs/WindowsException'{0x00000000871370f8}> (0x00000000871370f8) thrown at [./src/hotspot/share/prims/jni.cpp, line 617]
Event: 96.183 Thread 0x000001d61caec000 Exception <a 'sun/nio/fs/WindowsException'{0x000000008714f620}> (0x000000008714f620) thrown at [./src/hotspot/share/prims/jni.cpp, line 617]
Event: 96.200 Thread 0x000001d61caec000 Exception <a 'sun/nio/fs/WindowsException'{0x000000008718ebf0}> (0x000000008718ebf0) thrown at [./src/hotspot/share/prims/jni.cpp, line 617]
Event: 96.208 Thread 0x000001d61caec000 Exception <a 'sun/nio/fs/WindowsException'{0x00000000871b00b0}> (0x00000000871b00b0) thrown at [./src/hotspot/share/prims/jni.cpp, line 617]
Event: 96.220 Thread 0x000001d61caec000 Exception <a 'sun/nio/fs/WindowsException'{0x00000000871cb1d0}> (0x00000000871cb1d0) thrown at [./src/hotspot/share/prims/jni.cpp, line 617]
Event: 96.286 Thread 0x000001d61caec000 Exception <a 'sun/nio/fs/WindowsException'{0x00000000871eef28}> (0x00000000871eef28) thrown at [./src/hotspot/share/prims/jni.cpp, line 617]
Event: 96.286 Thread 0x000001d61caec000 Exception <a 'sun/nio/fs/WindowsException'{0x00000000871ef2b0}> (0x00000000871ef2b0) thrown at [./src/hotspot/share/prims/jni.cpp, line 617]
Event: 96.562 Thread 0x000001d61caec000 Exception <a 'sun/nio/fs/WindowsException'{0x0000000086e7a320}> (0x0000000086e7a320) thrown at [./src/hotspot/share/prims/jni.cpp, line 617]

Events (20 events):
Event: 96.983 loading class it/unimi/dsi/fastutil/objects/ObjectIterator done
Event: 96.983 loading class it/unimi/dsi/fastutil/BidirectionalIterator
Event: 96.983 loading class it/unimi/dsi/fastutil/BidirectionalIterator done
Event: 96.984 loading class it/unimi/dsi/fastutil/ints/IntArraySet
Event: 96.984 loading class it/unimi/dsi/fastutil/ints/IntArraySet done
Event: 96.986 loading class it/unimi/dsi/fastutil/ints/IntArrays
Event: 96.986 loading class it/unimi/dsi/fastutil/ints/IntArrays done
Event: 96.992 loading class it/unimi/dsi/fastutil/Hash$Strategy
Event: 96.992 loading class it/unimi/dsi/fastutil/Hash$Strategy done
Event: 96.994 loading class java/util/concurrent/ForkJoinTask
Event: 96.995 loading class java/util/concurrent/ForkJoinTask done
Event: 96.996 loading class it/unimi/dsi/fastutil/ints/IntArrays$ForkJoinQuickSortIndirect
Event: 96.996 loading class it/unimi/dsi/fastutil/ints/IntArrays$ForkJoinQuickSortIndirect done
Event: 96.996 loading class java/util/concurrent/RecursiveAction
Event: 96.996 loading class java/util/concurrent/RecursiveAction done
Event: 96.997 loading class it/unimi/dsi/fastutil/ints/IntArrays$ForkJoinQuickSort2
Event: 96.997 loading class it/unimi/dsi/fastutil/ints/IntArrays$ForkJoinQuickSort2 done
Event: 96.998 loading class it/unimi/dsi/fastutil/ints/IntArrays$ForkJoinQuickSort
Event: 96.998 loading class it/unimi/dsi/fastutil/ints/IntArrays$ForkJoinQuickSort done
Event: 96.998 Executing VM operation: G1CollectForAllocation


Dynamic libraries:
0x00007ff6ea860000 - 0x00007ff6ea86d000 	C:\Program Files\OpenJDK\openjdk-11.0.16_8\bin\java.exe
0x00007ff88f3f0000 - 0x00007ff88f5e8000 	C:\WINDOWS\SYSTEM32\ntdll.dll
0x00007ff88f280000 - 0x00007ff88f33f000 	C:\WINDOWS\System32\KERNEL32.DLL
0x00007ff88ce90000 - 0x00007ff88d162000 	C:\WINDOWS\System32\KERNELBASE.dll
0x00007ff88d170000 - 0x00007ff88d270000 	C:\WINDOWS\System32\ucrtbase.dll
0x00007ff888010000 - 0x00007ff888025000 	C:\Program Files\OpenJDK\openjdk-11.0.16_8\bin\VCRUNTIME140.dll
0x00007ff886f70000 - 0x00007ff886f87000 	C:\Program Files\OpenJDK\openjdk-11.0.16_8\bin\jli.dll
0x00007ff88da90000 - 0x00007ff88dc31000 	C:\WINDOWS\System32\USER32.dll
0x00007ff88d380000 - 0x00007ff88d3a2000 	C:\WINDOWS\System32\win32u.dll
0x00007ff87dd50000 - 0x00007ff87dfea000 	C:\WINDOWS\WinSxS\amd64_microsoft.windows.common-controls_6595b64144ccf1df_6.0.19041.1110_none_60b5254171f9507e\COMCTL32.dll
0x00007ff88e1c0000 - 0x00007ff88e25e000 	C:\WINDOWS\System32\msvcrt.dll
0x00007ff88e260000 - 0x00007ff88e28b000 	C:\WINDOWS\System32\GDI32.dll
0x00007ff88d270000 - 0x00007ff88d37f000 	C:\WINDOWS\System32\gdi32full.dll
0x00007ff88cd10000 - 0x00007ff88cdad000 	C:\WINDOWS\System32\msvcp_win.dll
0x00007ff88e3c0000 - 0x00007ff88e3f2000 	C:\WINDOWS\System32\IMM32.DLL
0x00007ff85e3a0000 - 0x00007ff85e43b000 	C:\Program Files\OpenJDK\openjdk-11.0.16_8\bin\msvcp140.dll
0x00007ff81aea0000 - 0x00007ff81b9ae000 	C:\Program Files\OpenJDK\openjdk-11.0.16_8\bin\server\jvm.dll
0x00007ff88e670000 - 0x00007ff88e71e000 	C:\WINDOWS\System32\ADVAPI32.dll
0x00007ff88e840000 - 0x00007ff88e8dc000 	C:\WINDOWS\System32\sechost.dll
0x00007ff88d960000 - 0x00007ff88da85000 	C:\WINDOWS\System32\RPCRT4.dll
0x00007ff88dc40000 - 0x00007ff88dc48000 	C:\WINDOWS\System32\PSAPI.DLL
0x00007ff886f30000 - 0x00007ff886f39000 	C:\WINDOWS\SYSTEM32\WSOCK32.dll
0x00007ff87e000000 - 0x00007ff87e027000 	C:\WINDOWS\SYSTEM32\WINMM.dll
0x00007ff87c390000 - 0x00007ff87c39a000 	C:\WINDOWS\SYSTEM32\VERSION.dll
0x00007ff88f340000 - 0x00007ff88f3ab000 	C:\WINDOWS\System32\WS2_32.dll
0x00007ff88aa00000 - 0x00007ff88aa12000 	C:\WINDOWS\SYSTEM32\kernel.appcore.dll
0x00007ff886f20000 - 0x00007ff886f30000 	C:\Program Files\OpenJDK\openjdk-11.0.16_8\bin\verify.dll
0x00007ff8795c0000 - 0x00007ff8797a4000 	C:\WINDOWS\SYSTEM32\DBGHELP.DLL
0x00007ff879210000 - 0x00007ff879245000 	C:\WINDOWS\SYSTEM32\dbgcore.DLL
0x00007ff88cdb0000 - 0x00007ff88ce32000 	C:\WINDOWS\System32\bcryptPrimitives.dll
0x00007ff8676a0000 - 0x00007ff8676c8000 	C:\Program Files\OpenJDK\openjdk-11.0.16_8\bin\java.dll
0x00007ff886eb0000 - 0x00007ff886eba000 	C:\Program Files\OpenJDK\openjdk-11.0.16_8\bin\jimage.dll
0x00007ff886ba0000 - 0x00007ff886bb8000 	C:\Program Files\OpenJDK\openjdk-11.0.16_8\bin\zip.dll
0x00007ff88e910000 - 0x00007ff88f054000 	C:\WINDOWS\System32\SHELL32.dll
0x00007ff88ac00000 - 0x00007ff88b392000 	C:\WINDOWS\SYSTEM32\windows.storage.dll
0x00007ff88dc50000 - 0x00007ff88dfa5000 	C:\WINDOWS\System32\combase.dll
0x00007ff88c5a0000 - 0x00007ff88c5d0000 	C:\WINDOWS\SYSTEM32\Wldp.dll
0x00007ff88e5c0000 - 0x00007ff88e66d000 	C:\WINDOWS\System32\SHCORE.dll
0x00007ff88f1c0000 - 0x00007ff88f215000 	C:\WINDOWS\System32\shlwapi.dll
0x00007ff88ca80000 - 0x00007ff88ca9f000 	C:\WINDOWS\SYSTEM32\profapi.dll
0x00007ff886790000 - 0x00007ff8867a9000 	C:\Program Files\OpenJDK\openjdk-11.0.16_8\bin\net.dll
0x00007ff882b80000 - 0x00007ff882c8c000 	C:\WINDOWS\SYSTEM32\WINHTTP.dll
0x00007ff88c300000 - 0x00007ff88c36a000 	C:\WINDOWS\system32\mswsock.dll
0x00007ff87b2e0000 - 0x00007ff87b2f3000 	C:\Program Files\OpenJDK\openjdk-11.0.16_8\bin\nio.dll
0x00007ff8882e0000 - 0x00007ff888307000 	C:\Users\A\.gradle\native\e1d6ef7f7dcc3fd88c89a11ec53ec762bb8ba0a96d01ffa2cd45eb1d1d8dd5c5\windows-amd64\native-platform.dll
0x00007ff85f5e0000 - 0x00007ff85f724000 	C:\Users\A\.gradle\native\5664cfc778a61ccfe75a443a1ab52a65af34e5dc3c78e0209fed803814484fcb\windows-amd64\native-platform-file-events.dll
0x00007ff886620000 - 0x00007ff886629000 	C:\Program Files\OpenJDK\openjdk-11.0.16_8\bin\management.dll
0x00007ff87ca40000 - 0x00007ff87ca4b000 	C:\Program Files\OpenJDK\openjdk-11.0.16_8\bin\management_ext.dll
0x00007ff88c4f0000 - 0x00007ff88c508000 	C:\WINDOWS\SYSTEM32\CRYPTSP.dll
0x00007ff88bbb0000 - 0x00007ff88bbe4000 	C:\WINDOWS\system32\rsaenh.dll
0x00007ff88d3b0000 - 0x00007ff88d3d7000 	C:\WINDOWS\System32\bcrypt.dll
0x00007ff88ca40000 - 0x00007ff88ca6e000 	C:\WINDOWS\SYSTEM32\USERENV.dll
0x00007ff88c510000 - 0x00007ff88c51c000 	C:\WINDOWS\SYSTEM32\CRYPTBASE.dll
0x00007ff88bfa0000 - 0x00007ff88bfdb000 	C:\WINDOWS\SYSTEM32\IPHLPAPI.DLL
0x00007ff88e8e0000 - 0x00007ff88e8e8000 	C:\WINDOWS\System32\NSI.dll
0x00007ff8859f0000 - 0x00007ff885a07000 	C:\WINDOWS\SYSTEM32\dhcpcsvc6.DLL
0x00007ff8859d0000 - 0x00007ff8859ed000 	C:\WINDOWS\SYSTEM32\dhcpcsvc.DLL
0x00007ff88bff0000 - 0x00007ff88c0ba000 	C:\WINDOWS\SYSTEM32\DNSAPI.dll
0x00007ff886770000 - 0x00007ff88678e000 	C:\Users\A\AppData\Local\Temp\native-platform12435908613006689504dir\native-platform.dll
0x00007ff8888c0000 - 0x00007ff8888c7000 	C:\Program Files\OpenJDK\openjdk-11.0.16_8\bin\rmi.dll

dbghelp: loaded successfully - version: 4.0.5 - missing functions: none
symbol engine: initialized successfully - sym options: 0x614 - pdb path: .;C:\Program Files\OpenJDK\openjdk-11.0.16_8\bin;C:\WINDOWS\SYSTEM32;C:\WINDOWS\WinSxS\amd64_microsoft.windows.common-controls_6595b64144ccf1df_6.0.19041.1110_none_60b5254171f9507e;C:\Program Files\OpenJDK\openjdk-11.0.16_8\bin\server;C:\Users\A\.gradle\native\e1d6ef7f7dcc3fd88c89a11ec53ec762bb8ba0a96d01ffa2cd45eb1d1d8dd5c5\windows-amd64;C:\Users\A\.gradle\native\5664cfc778a61ccfe75a443a1ab52a65af34e5dc3c78e0209fed803814484fcb\windows-amd64;C:\Users\A\AppData\Local\Temp\native-platform12435908613006689504dir

VM Arguments:
jvm_args: -XX:MaxMetaspaceSize=512m --add-opens=java.base/java.util=ALL-UNNAMED --add-opens=java.base/java.lang=ALL-UNNAMED --add-opens=java.base/java.lang.invoke=ALL-UNNAMED --add-opens=java.base/java.util=ALL-UNNAMED --add-opens=java.prefs/java.util.prefs=ALL-UNNAMED --add-opens=java.prefs/java.util.prefs=ALL-UNNAMED --add-opens=java.base/java.nio.charset=ALL-UNNAMED --add-opens=java.base/java.net=ALL-UNNAMED --add-opens=java.base/java.util.concurrent.atomic=ALL-UNNAMED -Xmx2048m -Dfile.encoding=windows-1252 -Duser.country=US -Duser.language=en -Duser.variant 
java_command: org.gradle.launcher.daemon.bootstrap.GradleDaemon 7.3.3
java_class_path (initial): C:\Users\A\.gradle\wrapper\dists\gradle-7.3.3-all\4295vidhdd9hd3gbjyw1xqxpo\gradle-7.3.3\lib\gradle-launcher-7.3.3.jar
Launcher Type: SUN_STANDARD

[Global flags]
     intx CICompilerCount                          = 3                                         {product} {ergonomic}
   size_t CompressedClassSpaceSize                 = 528482304                                 {product} {ergonomic}
     uint ConcGCThreads                            = 1                                         {product} {ergonomic}
     uint G1ConcRefinementThreads                  = 4                                         {product} {ergonomic}
   size_t G1HeapRegionSize                         = 1048576                                   {product} {ergonomic}
    uintx GCDrainStackTargetSize                   = 64                                        {product} {ergonomic}
   size_t InitialHeapSize                          = 67108864                                  {product} {ergonomic}
   size_t MarkStackSize                            = 4194304                                   {product} {ergonomic}
   size_t MaxHeapSize                              = 2147483648                                {product} {command line}
   size_t MaxMetaspaceSize                         = 536870912                                 {product} {command line}
   size_t MaxNewSize                               = 1287651328                                {product} {ergonomic}
   size_t MinHeapDeltaBytes                        = 1048576                                   {product} {ergonomic}
    uintx NonNMethodCodeHeapSize                   = 5830732                                {pd product} {ergonomic}
    uintx NonProfiledCodeHeapSize                  = 122913754                              {pd product} {ergonomic}
    uintx ProfiledCodeHeapSize                     = 122913754                              {pd product} {ergonomic}
    uintx ReservedCodeCacheSize                    = 251658240                              {pd product} {ergonomic}
     bool SegmentedCodeCache                       = true                                      {product} {ergonomic}
     bool UseCompressedClassPointers               = true                                 {lp64_product} {ergonomic}
     bool UseCompressedOops                        = true                                 {lp64_product} {ergonomic}
     bool UseG1GC                                  = true                                      {product} {ergonomic}
     bool UseLargePagesIndividualAllocation        = false                                  {pd product} {ergonomic}

Logging:
Log output configuration:
 #0: stdout all=warning uptime,level,tags
 #1: stderr all=off uptime,level,tags

Environment Variables:
JAVA_HOME=C:\Program Files\OpenJDK\openjdk-11.0.16_8
CLASSPATH=E:\TestPro\android\\gradle\wrapper\gradle-wrapper.jar
PATH=E:\TestPro\android\node_modules\.bin;E:\TestPro\node_modules\.bin;E:\node_modules\.bin;C:\Program Files\nodejs;C:\Users\A\AppData\Local\Temp\yarn--1674484863629-0.7344202265416917;E:\TestPro\node_modules\.bin;C:\Users\A\AppData\Local\Yarn\Data\link\node_modules\.bin;C:\Users\A\AppData\Local\Yarn\bin;C:\Program Files\libexec\lib\node_modules\npm\bin\node-gyp-bin;C:\Program Files\lib\node_modules\npm\bin\node-gyp-bin;C:\Program Files\nodejs\node_modules\npm\bin\node-gyp-bin;C:\Program Files (x86)\Common Files\Oracle\Java\javapath;C:\Python310\Scripts\;C:\Python310\;C:\WINDOWS\system32;C:\WINDOWS;C:\WINDOWS\System32\Wbem;C:\WINDOWS\System32\WindowsPowerShell\v1.0\;C:\ProgramData\chocolatey\bin;C:\WINDOWS\System32\OpenSSH\;C:\Program Files\nodejs\;C:\Program Files\OpenJDK\openjdk-11.0.16_8\bin;C:\Users\A\AppData\Local\Programs\Microsoft VS Code\bin;C:\Program Files\nodejs\node_modules\npm\bin;C:\Program Files\nodejs;C:\Users\A\AppData\Local\Microsoft\WindowsApps;C:\Users\A\AppData\Local\Android\Sdk\platform-tools;C:\Users\YOUR_USERNAME\AppData\Roaming\npm;C:\Users\A\AppData\Roaming\npm;C:\Program Files\Java\jre1.8.0_341\bin;
USERNAME=A
LANG=en_US.UTF-8
OS=Windows_NT
PROCESSOR_IDENTIFIER=Intel64 Family 6 Model 69 Stepping 1, GenuineIntel
TMP=C:\Users\A\AppData\Local\Temp
TEMP=C:\Users\A\AppData\Local\Temp



---------------  S Y S T E M  ---------------

OS: Windows 10 , 64 bit Build 19041 (10.0.19041.2364)
OS uptime: 1 days 6:37 hours

CPU:total 4 (initial active 4) (2 cores per cpu, 2 threads per core) family 6 model 69 stepping 1 microcode 0x25, cmov, cx8, fxsr, mmx, sse, sse2, sse3, ssse3, sse4.1, sse4.2, popcnt, avx, avx2, aes, clmul, erms, lzcnt, ht, tsc, tscinvbit, bmi1, bmi2, fma

Memory: 4k page, system-wide physical 4001M (220M free)
TotalPageFile size 13871M (AvailPageFile size 66M)
current process WorkingSet (physical memory assigned to process): 311M, peak: 313M
current process commit charge ("private bytes"): 373M, peak: 443M

vm_info: OpenJDK 64-Bit Server VM (11.0.16+8) for windows-amd64 JRE (11.0.16+8), built on Jul 17 2022 01:33:05 by "tester" with MS VC++ 15.9 (VS2017)

END.
